<?xml version="1.0" encoding="UTF-8"?>
<!-- Generated by org.testng.reporters.JUnitReportReporter -->
<testsuite hostname="Skynet" failures="0" tests="6" name="testNGTool.Test1" time="85.904" errors="0" timestamp="2024-01-08T10:39:02 IST" skipped="0">
  <testcase classname="testNGTool.Test1" name="zomatoTest" time="14.738"/>
  <testcase classname="testNGTool.Test1" name="swiggyTest" time="17.063"/>
  <testcase classname="testNGTool.Test1" name="swiggyTest" time="16.529"/>
  <testcase classname="testNGTool.Test1" name="facebookTest" time="11.388"/>
  <testcase classname="testNGTool.Test1" name="facebookTest" time="14.501"/>
  <testcase classname="testNGTool.Test1" name="facebookTest" time="11.685"/>
</testsuite> <!-- testNGTool.Test1 -->
