<?xml version="1.0" encoding="UTF-8"?>
<!-- Generated by org.testng.reporters.JUnitReportReporter -->
<testsuite hostname="Skynet" failures="0" tests="1" name="basicListner.AjioTest" time="28.510" errors="0" timestamp="2024-01-19T11:14:14 IST" skipped="0">
  <testcase classname="basicListner.AjioTest" name="PerfumeTest" time="28.510">
    <system-out>
      <![CDATA[PerfumeTest TestScript is passed]]>
    </system-out>
  </testcase> <!-- PerfumeTest -->
  <system-out>
    <![CDATA[TestScript is started
PerfumeTest TestScript is passed]]>
  </system-out>
</testsuite> <!-- basicListner.AjioTest -->
