<?xml version="1.0" encoding="UTF-8"?>
<!-- Generated by org.testng.reporters.JUnitReportReporter -->
<testsuite hostname="Skynet" failures="0" tests="1" name="testNGTool.SoftAssert101" time="26.448" errors="0" timestamp="2024-01-09T15:37:06 IST" skipped="0">
  <testcase classname="testNGTool.SoftAssert101" name="EmailTest" time="26.448"/>
</testsuite> <!-- testNGTool.SoftAssert101 -->
