<?xml version="1.0" encoding="UTF-8"?>
<!-- Generated by org.testng.reporters.JUnitReportReporter -->
<testsuite hostname="Skynet" failures="0" tests="1" name="testNGTool.AssertTrue" time="31.503" errors="0" timestamp="2024-01-09T10:21:57 IST" skipped="0">
  <testcase classname="testNGTool.AssertTrue" name="ajioTest" time="31.503"/>
</testsuite> <!-- testNGTool.AssertTrue -->
