<?xml version="1.0" encoding="UTF-8"?>
<!-- Generated by org.testng.reporters.JUnitReportReporter -->
<testsuite hostname="Skynet" failures="0" tests="5" name="execution.NykaaExecution" time="92.630" errors="0" timestamp="2024-01-10T11:07:05 IST" skipped="0">
  <testcase classname="execution.NykaaExecution" name="swiggyTest" time="19.138"/>
  <testcase classname="execution.NykaaExecution" name="myntraTest" time="14.365"/>
  <testcase classname="execution.NykaaExecution" name="nykaaTest" time="20.176"/>
  <testcase classname="execution.NykaaExecution" name="tiraTest" time="24.430"/>
  <testcase classname="execution.NykaaExecution" name="ZomatoTest" time="14.521"/>
</testsuite> <!-- execution.NykaaExecution -->
