<?xml version="1.0" encoding="UTF-8"?>
<!-- Generated by org.testng.reporters.JUnitReportReporter -->
<testsuite hostname="Skynet" failures="0" tests="2" name="execution.GroupExecution" time="44.260" errors="0" timestamp="2024-01-12T09:27:42 IST" skipped="0">
  <testcase classname="execution.GroupExecution" name="createOrganization" time="44.247"/>
  <testcase classname="execution.GroupExecution" name="createContact" time="0.013"/>
</testsuite> <!-- execution.GroupExecution -->
